
> the-dutch-queen-site@0.1.0 dev
> next dev --turbopack

 ⚠ Warning: Found multiple lockfiles. Selecting /Users/willemvandenberg/package-lock.json.
   Consider removing the lockfiles at:
   * /Users/willemvandenberg/Development/Real-websites/thedutchqueenREAL/the-dutch-queen-site/package-lock.json

   ▲ Next.js 15.4.4 (Turbopack)
   - Local:        http://localhost:3000
   - Network:      http://192.168.68.107:3000

 ✓ Starting...
 ✓ Ready in 722ms
 ○ Compiling / ...
 ✓ Compiled / in 1498ms
 GET / 200 in 1781ms
 GET / 200 in 113ms
 ✓ Compiled /favicon.ico in 96ms
 GET /favicon.ico?favicon.45db1c09.ico 200 in 347ms
 GET / 200 in 75ms
 GET /favicon.ico?favicon.45db1c09.ico 200 in 223ms
 GET / 200 in 79ms
 GET /favicon.ico?favicon.45db1c09.ico 200 in 219ms
 GET / 200 in 82ms
 GET /favicon.ico?favicon.45db1c09.ico 200 in 219ms
 GET / 200 in 104ms
 GET /favicon.ico?favicon.45db1c09.ico 200 in 220ms
 GET / 200 in 110ms
 GET /favicon.ico?favicon.45db1c09.ico 200 in 221ms
 ⨯ [Error: ENOENT: no such file or directory, open '/Users/willemvandenberg/Development/Real-websites/thedutchqueenREAL/the-dutch-queen-site/.next/server/app/page/app-build-manifest.json'] {
  errno: -2,
  code: 'ENOENT',
  syscall: 'open',
  path: '/Users/willemvandenberg/Development/Real-websites/thedutchqueenREAL/the-dutch-queen-site/.next/server/app/page/app-build-manifest.json'
}
 ○ Compiling /_error ...
 ✓ Compiled /_error in 567ms
 ⨯ [Error: ENOENT: no such file or directory, open '/Users/willemvandenberg/Development/Real-websites/thedutchqueenREAL/the-dutch-queen-site/.next/static/development/_buildManifest.js.tmp.36jeagclx3r'] {
  errno: -2,
  code: 'ENOENT',
  syscall: 'open',
  path: '/Users/willemvandenberg/Development/Real-websites/thedutchqueenREAL/the-dutch-queen-site/.next/static/development/_buildManifest.js.tmp.36jeagclx3r'
}
[Error: ENOENT: no such file or directory, open '/Users/willemvandenberg/Development/Real-websites/thedutchqueenREAL/the-dutch-queen-site/.next/server/app/page/app-build-manifest.json'] {
  errno: -2,
  code: 'ENOENT',
  syscall: 'open',
  path: '/Users/willemvandenberg/Development/Real-websites/thedutchqueenREAL/the-dutch-queen-site/.next/server/app/page/app-build-manifest.json'
}
 ⨯ [Error: ENOENT: no such file or directory, open '/Users/willemvandenberg/Development/Real-websites/thedutchqueenREAL/the-dutch-queen-site/.next/static/development/_buildManifest.js.tmp.chvowz8nnd5'] {
  errno: -2,
  code: 'ENOENT',
  syscall: 'open',
  path: '/Users/willemvandenberg/Development/Real-websites/thedutchqueenREAL/the-dutch-queen-site/.next/static/development/_buildManifest.js.tmp.chvowz8nnd5'
}
[Error: ENOENT: no such file or directory, open '/Users/willemvandenberg/Development/Real-websites/thedutchqueenREAL/the-dutch-queen-site/.next/static/development/_buildManifest.js.tmp.hqut7w40vme'] {
  errno: -2,
  code: 'ENOENT',
  syscall: 'open',
  path: '/Users/willemvandenberg/Development/Real-websites/thedutchqueenREAL/the-dutch-queen-site/.next/static/development/_buildManifest.js.tmp.hqut7w40vme'
}
 ⨯ [Error: ENOENT: no such file or directory, open '/Users/willemvandenberg/Development/Real-websites/thedutchqueenREAL/the-dutch-queen-site/.next/server/app/page/app-build-manifest.json'] {
  errno: -2,
  code: 'ENOENT',
  syscall: 'open',
  path: '/Users/willemvandenberg/Development/Real-websites/thedutchqueenREAL/the-dutch-queen-site/.next/server/app/page/app-build-manifest.json'
}
 ⨯ [Error: ENOENT: no such file or directory, open '/Users/willemvandenberg/Development/Real-websites/thedutchqueenREAL/the-dutch-queen-site/.next/static/development/_buildManifest.js.tmp.u20q2l7zo3'] {
  errno: -2,
  code: 'ENOENT',
  syscall: 'open',
  path: '/Users/willemvandenberg/Development/Real-websites/thedutchqueenREAL/the-dutch-queen-site/.next/static/development/_buildManifest.js.tmp.u20q2l7zo3'
}
[Error: ENOENT: no such file or directory, open '/Users/willemvandenberg/Development/Real-websites/thedutchqueenREAL/the-dutch-queen-site/.next/server/app/page/app-build-manifest.json'] {
  errno: -2,
  code: 'ENOENT',
  syscall: 'open',
  path: '/Users/willemvandenberg/Development/Real-websites/thedutchqueenREAL/the-dutch-queen-site/.next/server/app/page/app-build-manifest.json'
}
 ⨯ [Error: ENOENT: no such file or directory, open '/Users/willemvandenberg/Development/Real-websites/thedutchqueenREAL/the-dutch-queen-site/.next/static/development/_buildManifest.js.tmp.e96vd260r0w'] {
  errno: -2,
  code: 'ENOENT',
  syscall: 'open',
  path: '/Users/willemvandenberg/Development/Real-websites/thedutchqueenREAL/the-dutch-queen-site/.next/static/development/_buildManifest.js.tmp.e96vd260r0w'
}
[Error: ENOENT: no such file or directory, open '/Users/willemvandenberg/Development/Real-websites/thedutchqueenREAL/the-dutch-queen-site/.next/static/development/_buildManifest.js.tmp.gn1otz2hzx'] {
  errno: -2,
  code: 'ENOENT',
  syscall: 'open',
  path: '/Users/willemvandenberg/Development/Real-websites/thedutchqueenREAL/the-dutch-queen-site/.next/static/development/_buildManifest.js.tmp.gn1otz2hzx'
}
 ⚠ Found a change in next.config.ts. Restarting the server to apply the changes...
   ▲ Next.js 15.4.4 (Turbopack)
   - Local:        http://localhost:3000
   - Network:      http://192.168.68.107:3000
   - Experiments (use with caution):
     · turbo

 ✓ Starting...
 ⚠ The config property `experimental.turbo` is deprecated. Move this setting to `config.turbopack` as Turbopack is now stable.
 ✓ Ready in 875ms
 ⚠ Found a change in next.config.ts. Restarting the server to apply the changes...
   ▲ Next.js 15.4.4 (Turbopack)
   - Local:        http://localhost:3000
   - Network:      http://192.168.68.107:3000

 ✓ Starting...
 ✓ Ready in 739ms
 ○ Compiling / ...
 ✓ Compiled / in 1867ms
 GET / 200 in 2211ms
 ✓ Compiled /favicon.ico in 128ms
 GET /favicon.ico?favicon.45db1c09.ico 200 in 411ms
 GET / 200 in 138ms
 ✓ Compiled in 49ms
 ✓ Compiled in 60ms
